

<!DOCTYPE html>
<html>
<head>
<meta charset="UTF-8">
<meta name="viewport" content="width=device-width, initial-scale=1, shrink-to-fit=no">
<title>Extent</title>
<link rel="apple-touch-icon" href="https://cdn.jsdelivr.net/gh/extent-framework/extent-github-cdn@b00a2d0486596e73dd7326beacf352c639623a0e/commons/img/logo.png">
<link rel="shortcut icon" href="https://cdn.jsdelivr.net/gh/extent-framework/extent-github-cdn@b00a2d0486596e73dd7326beacf352c639623a0e/commons/img/logo.png">
<link href="https://cdn.jsdelivr.net/gh/extent-framework/extent-github-cdn@d6562a79075e061305ccfdb82f01e5e195e2d307/spark/css/spark-style.css" rel="stylesheet" />
<link href="https://stackpath.bootstrapcdn.com/font-awesome/4.7.0/css/font-awesome.min.css" rel="stylesheet">
<script src="https://cdn.jsdelivr.net/gh/extent-framework/extent-github-cdn@7cc78ce/spark/js/jsontree.js"></script>
<style type="text/css"></style></head><body class="spa bdd-report standard">
  <div class="app">
    <div class="layout">
<div class="header navbar">
<div class="vheader">
<div class="nav-logo">
<a href="#">
<div class="logo" style="background-image: url('https://cdn.jsdelivr.net/gh/extent-framework/extent-github-cdn@b00a2d0486596e73dd7326beacf352c639623a0e/commons/img/logo.png')"></div>
</a>
</div>
<ul class="nav-left">
<li class="search-box">
<a class="search-toggle" href="#">
<i class="search-icon fa fa-search"></i>
<i class="search-icon-close fa fa-close"></i>
</a>
</li>
<li class="search-input"><input id="search-tests" class="form-control" type="text" placeholder="Search..."></li>
</ul>
<ul class="nav-right">
<li class="m-r-10">
<a href="#"><span class="badge badge-primary">Automation Report</span></a>
</li>
<li class="m-r-10">
<a href="#"><span class="badge badge-primary">Jul 26, 2024 11:30:53 am</span></a>
</li>
</ul>
</div>
</div><div class="side-nav">
<div class="side-nav-inner">
<ul class="side-nav-menu">
<li class="nav-item dropdown" onclick="toggleView('test-view')">
<a id="nav-test" class="dropdown-toggle" href="#">
<span class="ico"><i class="fa fa-list"></i></span>
</a>
</li>
<li class="nav-item dropdown" onclick="toggleView('exception-view')">
<a id="nav-exception" class="dropdown-toggle" href="#">
<span class="ico"><i class="fa fa-bug"></i></span>
</a>
</li>
<li class="nav-item dropdown" onclick="toggleView('category-view')">
<a id="nav-category" class="dropdown-toggle" href="#">
<span class="ico"><i class="fa fa-tag"></i></span>
</a>
</li>
<li class="nav-item dropdown" onclick="toggleView('dashboard-view')">
<a id="nav-dashboard" class="dropdown-toggle" href="#">
<span class="ico"><i class="fa fa-bar-chart"></i></span>
</a>
</li>
</ul>
</div>
</div>      <div class="vcontainer">
        <div class="main-content">
<div class="test-wrapper row view test-view">
  <div class="test-list">
    <div class="test-list-tools">
<ul class="tools pull-left">
<li><a href="#"><span class="font-size-14">Tests</span></a></li>
</ul>
<ul class="tools text-right">
<li class="dropdown">
<a href="#" class="dropdown-toggle" data-toggle="dropdown"><i class="fa fa-exclamation-circle"></i></a>
<ul id="status-toggle" class="dropdown-menu dropdown-md p-v-0">
<a class="dropdown-item" status="fail" href="#"><span>Fail</span><span class="status danger"></span></a>
<div class="dropdown-divider"></div>
<a status="clear" class="dropdown-item" href="#"><span>Clear</span><span class="pull-right"><i class="fa fa-close"></i></span></a>
</ul>
</li>
<li class="dropdown">
<a href="#" class="dropdown-toggle" data-toggle="dropdown"><i class="fa fa-tag"></i></a>
<ul id="tag-toggle" class="dropdown-menu dropdown-md p-v-0">
<a class="dropdown-item" href="#">@TC_03</a><a class="dropdown-item" href="#">@TC_01</a><a class="dropdown-item" href="#">@TC_05</a><a class="dropdown-item" href="#">@TC_02</a><a class="dropdown-item" href="#">@TC_06</a><a class="dropdown-item" href="#">@TC_07</a><a class="dropdown-item" href="#">@TC_04</a><a class="dropdown-item" href="#">@TC_08</a>
</ul>
</li>
</ul>
</div>    <div class="test-list-wrapper scrollable">
      <ul class="test-list-item">
        <li class="test-item"  status="fail" test-id="1"
          author=""
          tag=""
          device="">
          <div class="test-detail">
            <p class="name">SignIn</p>
            <p class="text-sm">
              <span>11:30:54 am</span> / <span>00:00:08:855</span>
              <span class="badge fail-bg log float-right">Fail</span>
            </p>
          </div>
          <div class="test-contents d-none">
<div class="detail-head">
<div class="p-v-10">
<div class="info">
<h5 class="test-status text-fail">SignIn</h5>
<span class='badge badge-success'>07.26.2024 11:30:54 am</span>
<span class='badge badge-danger'>07.26.2024 11:31:03 am</span>
<span class='badge badge-default'>00:00:08:855</span>
&middot; <span class='uri-anchor badge badge-default'>#test-id=1</span>
<span class='badge badge-default pointer float-right ml-1 et'><i class="fa fa-chevron-down"></i></span>
<span class='badge badge-default pointer float-right ct'><i class="fa fa-chevron-up"></i></span>
</div>
<div class="m-t-10 m-l-5"></div>
</div>
</div>
<div class="accordion mt-4">
  <div class="card">
    <div class="card-header" role="tab">
      <div class="card-title">
        <div class="node" id="2"><span class="badge log fail-bg mr-2">Fail</span>Sign In:Valid Check</div>
      </div>
    </div>
        <div class="">
          <div class="card-body">
              <div class="step fail-bg" title="stepDefinition.JE_QP_1_SignIn.user_is_navigating_to_jet_edge_Signin_url_is(java.lang.String)">
                <span>Given To Check Signin User is navigating to JetEdge URL is "https://preprod.flyjetedge.aero/NSINVOICEDEMO/login.aspx"</span>
      <div>
        <textarea disabled class="code-block">org.openqa.selenium.SessionNotCreatedException: Could not start a new session. Response code 500. Message: session not created: This version of ChromeDriver only supports Chrome version 125
Current browser version is 127.0.6533.72 with binary path C:\Program Files\Google\Chrome\Application\chrome.exe 
Host info: host: 'SSSLT025', ip: '192.168.1.116'
Build info: version: '4.22.0', revision: 'c5f3146703*'
System info: os.name: 'Windows 11', os.arch: 'amd64', os.version: '10.0', java.version: '21.0.2'
Driver info: org.openqa.selenium.chrome.ChromeDriver
Command: [null, newSession {capabilities=[Capabilities {browserName: chrome, goog:chromeOptions: {args: [], extensions: []}}]}]
	at org.openqa.selenium.remote.ProtocolHandshake.createSession(ProtocolHandshake.java:114)
	at org.openqa.selenium.remote.ProtocolHandshake.createSession(ProtocolHandshake.java:75)
	at org.openqa.selenium.remote.ProtocolHandshake.createSession(ProtocolHandshake.java:61)
	at org.openqa.selenium.remote.HttpCommandExecutor.execute(HttpCommandExecutor.java:162)
	at org.openqa.selenium.remote.service.DriverCommandExecutor.invokeExecute(DriverCommandExecutor.java:216)
	at org.openqa.selenium.remote.service.DriverCommandExecutor.execute(DriverCommandExecutor.java:174)
	at org.openqa.selenium.remote.RemoteWebDriver.execute(RemoteWebDriver.java:518)
	at org.openqa.selenium.remote.RemoteWebDriver.startSession(RemoteWebDriver.java:232)
	at org.openqa.selenium.remote.RemoteWebDriver.<init>(RemoteWebDriver.java:161)
	at org.openqa.selenium.chromium.ChromiumDriver.<init>(ChromiumDriver.java:114)
	at org.openqa.selenium.chrome.ChromeDriver.<init>(ChromeDriver.java:88)
	at org.openqa.selenium.chrome.ChromeDriver.<init>(ChromeDriver.java:83)
	at org.openqa.selenium.chrome.ChromeDriver.<init>(ChromeDriver.java:72)
	at stepDefinition.JE_QP_1_SignIn.user_is_navigating_to_jet_edge_Signin_url_is(JE_QP_1_SignIn.java:30)
	at ✽.To Check Signin User is navigating to JetEdge URL is "https://preprod.flyjetedge.aero/NSINVOICEDEMO/login.aspx"(file:///C:/Users/thirumaran/eclipse-workspace/JetEdgeNSInvoicePortal/src/test/resources/featureFiles/JE_QP_1_SignIn.feature:5)
</textarea>
      
      </div>
              </div>
              <div class="step skip-bg" title="stepDefinition.JE_QP_1_SignIn.username_and_password_are_and(java.lang.String,java.lang.String)">
                <span>When To Check Signin User Enter username and password are "soundharya@sankarasoftware.com" and "Soundharya@123"</span>
      <div>Step skipped
      </div>
              </div>
              <div class="step skip-bg" title="stepDefinition.JE_QP_1_SignIn.click_the_SignIn_button()">
                <span>And click the Signin button To Check Signin</span>
      <div>Step skipped
      </div>
              </div>
          </div>
        </div>
  </div>
  <div class="card">
    <div class="card-header" role="tab">
      <div class="card-title">
        <div class="node" id="6"><span class="badge log fail-bg mr-2">Fail</span>Sign In:Valid Check</div>
      </div>
    </div>
        <div class="">
          <div class="card-body">
              <div class="step fail-bg" title="stepDefinition.JE_QP_1_SignIn.user_is_navigating_to_jet_edge_Signin_url_is(java.lang.String)">
                <span>Given To Check Signin User is navigating to JetEdge URL is "https://preprod.flyjetedge.aero/NSINVOICEDEMO/login.aspx"</span>
      <div>
        <textarea disabled class="code-block">org.openqa.selenium.SessionNotCreatedException: Could not start a new session. Response code 500. Message: session not created: This version of ChromeDriver only supports Chrome version 125
Current browser version is 127.0.6533.72 with binary path C:\Program Files\Google\Chrome\Application\chrome.exe 
Host info: host: 'SSSLT025', ip: '192.168.1.116'
Build info: version: '4.22.0', revision: 'c5f3146703*'
System info: os.name: 'Windows 11', os.arch: 'amd64', os.version: '10.0', java.version: '21.0.2'
Driver info: org.openqa.selenium.chrome.ChromeDriver
Command: [null, newSession {capabilities=[Capabilities {browserName: chrome, goog:chromeOptions: {args: [], extensions: []}}]}]
	at org.openqa.selenium.remote.ProtocolHandshake.createSession(ProtocolHandshake.java:114)
	at org.openqa.selenium.remote.ProtocolHandshake.createSession(ProtocolHandshake.java:75)
	at org.openqa.selenium.remote.ProtocolHandshake.createSession(ProtocolHandshake.java:61)
	at org.openqa.selenium.remote.HttpCommandExecutor.execute(HttpCommandExecutor.java:162)
	at org.openqa.selenium.remote.service.DriverCommandExecutor.invokeExecute(DriverCommandExecutor.java:216)
	at org.openqa.selenium.remote.service.DriverCommandExecutor.execute(DriverCommandExecutor.java:174)
	at org.openqa.selenium.remote.RemoteWebDriver.execute(RemoteWebDriver.java:518)
	at org.openqa.selenium.remote.RemoteWebDriver.startSession(RemoteWebDriver.java:232)
	at org.openqa.selenium.remote.RemoteWebDriver.<init>(RemoteWebDriver.java:161)
	at org.openqa.selenium.chromium.ChromiumDriver.<init>(ChromiumDriver.java:114)
	at org.openqa.selenium.chrome.ChromeDriver.<init>(ChromeDriver.java:88)
	at org.openqa.selenium.chrome.ChromeDriver.<init>(ChromeDriver.java:83)
	at org.openqa.selenium.chrome.ChromeDriver.<init>(ChromeDriver.java:72)
	at stepDefinition.JE_QP_1_SignIn.user_is_navigating_to_jet_edge_Signin_url_is(JE_QP_1_SignIn.java:30)
	at ✽.To Check Signin User is navigating to JetEdge URL is "https://preprod.flyjetedge.aero/NSINVOICEDEMO/login.aspx"(file:///C:/Users/thirumaran/eclipse-workspace/JetEdgeNSInvoicePortal/src/test/resources/featureFiles/JE_QP_1_SignIn.feature:12)
</textarea>
      
      </div>
              </div>
              <div class="step skip-bg" title="stepDefinition.JE_QP_1_SignIn.username_and_password_are_and(java.lang.String,java.lang.String)">
                <span>When To Check Signin User Enter username and password are "soundharya@sankarasoftware.com" and "Soundharya@123"</span>
      <div>Step skipped
      </div>
              </div>
              <div class="step skip-bg" title="stepDefinition.JE_QP_1_SignIn.click_the_SignIn_button()">
                <span>And click the Signin button To Check Signin</span>
      <div>Step skipped
      </div>
              </div>
              <div class="step skip-bg" title="stepDefinition.JE_QP_1_SignIn.Click_the_menu_icon_in_homepage()">
                <span>Then Click the menu icon in homepage</span>
      <div>Step skipped
      </div>
              </div>
              <div class="step skip-bg" title="stepDefinition.JE_QP_1_SignIn.Click_Signout_button_in_homepage()">
                <span>And Click Signout button in homepage</span>
      <div>Step skipped
      </div>
              </div>
          </div>
        </div>
  </div>
  <div class="card">
    <div class="card-header" role="tab">
      <div class="card-title">
        <div class="node" id="12"><span class="badge log fail-bg mr-2">Fail</span>Sign In:Valid Check</div>
      </div>
    </div>
        <div class="">
          <div class="card-body">
              <div class="step fail-bg" title="stepDefinition.JE_QP_1_SignIn.user_is_navigating_to_jet_edge_Signin_url_is(java.lang.String)">
                <span>Given To Check Signin User is navigating to JetEdge URL is "https://preprod.flyjetedge.aero/NSINVOICEDEMO/login.aspx"</span>
      <div>
        <textarea disabled class="code-block">org.openqa.selenium.SessionNotCreatedException: Could not start a new session. Response code 500. Message: session not created: This version of ChromeDriver only supports Chrome version 125
Current browser version is 127.0.6533.72 with binary path C:\Program Files\Google\Chrome\Application\chrome.exe 
Host info: host: 'SSSLT025', ip: '192.168.1.116'
Build info: version: '4.22.0', revision: 'c5f3146703*'
System info: os.name: 'Windows 11', os.arch: 'amd64', os.version: '10.0', java.version: '21.0.2'
Driver info: org.openqa.selenium.chrome.ChromeDriver
Command: [null, newSession {capabilities=[Capabilities {browserName: chrome, goog:chromeOptions: {args: [], extensions: []}}]}]
	at org.openqa.selenium.remote.ProtocolHandshake.createSession(ProtocolHandshake.java:114)
	at org.openqa.selenium.remote.ProtocolHandshake.createSession(ProtocolHandshake.java:75)
	at org.openqa.selenium.remote.ProtocolHandshake.createSession(ProtocolHandshake.java:61)
	at org.openqa.selenium.remote.HttpCommandExecutor.execute(HttpCommandExecutor.java:162)
	at org.openqa.selenium.remote.service.DriverCommandExecutor.invokeExecute(DriverCommandExecutor.java:216)
	at org.openqa.selenium.remote.service.DriverCommandExecutor.execute(DriverCommandExecutor.java:174)
	at org.openqa.selenium.remote.RemoteWebDriver.execute(RemoteWebDriver.java:518)
	at org.openqa.selenium.remote.RemoteWebDriver.startSession(RemoteWebDriver.java:232)
	at org.openqa.selenium.remote.RemoteWebDriver.<init>(RemoteWebDriver.java:161)
	at org.openqa.selenium.chromium.ChromiumDriver.<init>(ChromiumDriver.java:114)
	at org.openqa.selenium.chrome.ChromeDriver.<init>(ChromeDriver.java:88)
	at org.openqa.selenium.chrome.ChromeDriver.<init>(ChromeDriver.java:83)
	at org.openqa.selenium.chrome.ChromeDriver.<init>(ChromeDriver.java:72)
	at stepDefinition.JE_QP_1_SignIn.user_is_navigating_to_jet_edge_Signin_url_is(JE_QP_1_SignIn.java:30)
	at ✽.To Check Signin User is navigating to JetEdge URL is "https://preprod.flyjetedge.aero/NSINVOICEDEMO/login.aspx"(file:///C:/Users/thirumaran/eclipse-workspace/JetEdgeNSInvoicePortal/src/test/resources/featureFiles/JE_QP_1_SignIn.feature:21)
</textarea>
      
      </div>
              </div>
              <div class="step skip-bg" title="stepDefinition.JE_QP_1_SignIn.To_Check_Signin_User_Enter_Invalid_username_and_password_are(java.lang.String,java.lang.String)">
                <span>When To Check Signin User Enter Invalid username and password are "sound@sankarasoftware.com" and "Soundharya@123"</span>
      <div>Step skipped
      </div>
              </div>
              <div class="step skip-bg" title="stepDefinition.JE_QP_1_SignIn.click_the_SignIn_button()">
                <span>And click the Signin button To Check Signin</span>
      <div>Step skipped
      </div>
              </div>
              <div class="step skip-bg" title="stepDefinition.JE_QP_1_SignIn.Check_error_message_in_signin_page()">
                <span>Then Check error message in signin page</span>
      <div>Step skipped
      </div>
              </div>
          </div>
        </div>
  </div>
  <div class="card">
    <div class="card-header" role="tab">
      <div class="card-title">
        <div class="node" id="17"><span class="badge log fail-bg mr-2">Fail</span>Sign In:Valid Check</div>
      </div>
    </div>
        <div class="">
          <div class="card-body">
              <div class="step fail-bg" title="stepDefinition.JE_QP_1_SignIn.user_is_navigating_to_jet_edge_Signin_url_is(java.lang.String)">
                <span>Given To Check Signin User is navigating to JetEdge URL is "https://preprod.flyjetedge.aero/NSINVOICEDEMO/login.aspx"</span>
      <div>
        <textarea disabled class="code-block">org.openqa.selenium.SessionNotCreatedException: Could not start a new session. Response code 500. Message: session not created: This version of ChromeDriver only supports Chrome version 125
Current browser version is 127.0.6533.72 with binary path C:\Program Files\Google\Chrome\Application\chrome.exe 
Host info: host: 'SSSLT025', ip: '192.168.1.116'
Build info: version: '4.22.0', revision: 'c5f3146703*'
System info: os.name: 'Windows 11', os.arch: 'amd64', os.version: '10.0', java.version: '21.0.2'
Driver info: org.openqa.selenium.chrome.ChromeDriver
Command: [null, newSession {capabilities=[Capabilities {browserName: chrome, goog:chromeOptions: {args: [], extensions: []}}]}]
	at org.openqa.selenium.remote.ProtocolHandshake.createSession(ProtocolHandshake.java:114)
	at org.openqa.selenium.remote.ProtocolHandshake.createSession(ProtocolHandshake.java:75)
	at org.openqa.selenium.remote.ProtocolHandshake.createSession(ProtocolHandshake.java:61)
	at org.openqa.selenium.remote.HttpCommandExecutor.execute(HttpCommandExecutor.java:162)
	at org.openqa.selenium.remote.service.DriverCommandExecutor.invokeExecute(DriverCommandExecutor.java:216)
	at org.openqa.selenium.remote.service.DriverCommandExecutor.execute(DriverCommandExecutor.java:174)
	at org.openqa.selenium.remote.RemoteWebDriver.execute(RemoteWebDriver.java:518)
	at org.openqa.selenium.remote.RemoteWebDriver.startSession(RemoteWebDriver.java:232)
	at org.openqa.selenium.remote.RemoteWebDriver.<init>(RemoteWebDriver.java:161)
	at org.openqa.selenium.chromium.ChromiumDriver.<init>(ChromiumDriver.java:114)
	at org.openqa.selenium.chrome.ChromeDriver.<init>(ChromeDriver.java:88)
	at org.openqa.selenium.chrome.ChromeDriver.<init>(ChromeDriver.java:83)
	at org.openqa.selenium.chrome.ChromeDriver.<init>(ChromeDriver.java:72)
	at stepDefinition.JE_QP_1_SignIn.user_is_navigating_to_jet_edge_Signin_url_is(JE_QP_1_SignIn.java:30)
	at ✽.To Check Signin User is navigating to JetEdge URL is "https://preprod.flyjetedge.aero/NSINVOICEDEMO/login.aspx"(file:///C:/Users/thirumaran/eclipse-workspace/JetEdgeNSInvoicePortal/src/test/resources/featureFiles/JE_QP_1_SignIn.feature:29)
</textarea>
      
      </div>
              </div>
              <div class="step skip-bg" title="stepDefinition.JE_QP_1_SignIn.To_Check_Signin_User_Enter_username_and_Invalid_password_are(java.lang.String,java.lang.String)">
                <span>When To Check Signin User Enter username and invalid password are "soundharya@sankarasoftware.com" and "Sound@1234"</span>
      <div>Step skipped
      </div>
              </div>
              <div class="step skip-bg" title="stepDefinition.JE_QP_1_SignIn.click_the_SignIn_button()">
                <span>And click the Signin button To Check Signin</span>
      <div>Step skipped
      </div>
              </div>
              <div class="step skip-bg" title="stepDefinition.JE_QP_1_SignIn.Check_error_message_in_signin_page()">
                <span>Then Check error message in signin page</span>
      <div>Step skipped
      </div>
              </div>
          </div>
        </div>
  </div>
  <div class="card">
    <div class="card-header" role="tab">
      <div class="card-title">
        <div class="node" id="22"><span class="badge log fail-bg mr-2">Fail</span>Sign In:Valid Check</div>
      </div>
    </div>
        <div class="">
          <div class="card-body">
              <div class="step fail-bg" title="stepDefinition.JE_QP_1_SignIn.user_is_navigating_to_jet_edge_Signin_url_is(java.lang.String)">
                <span>Given To Check Signin User is navigating to JetEdge URL is "https://preprod.flyjetedge.aero/NSINVOICEDEMO/login.aspx"</span>
      <div>
        <textarea disabled class="code-block">org.openqa.selenium.SessionNotCreatedException: Could not start a new session. Response code 500. Message: session not created: This version of ChromeDriver only supports Chrome version 125
Current browser version is 127.0.6533.72 with binary path C:\Program Files\Google\Chrome\Application\chrome.exe 
Host info: host: 'SSSLT025', ip: '192.168.1.116'
Build info: version: '4.22.0', revision: 'c5f3146703*'
System info: os.name: 'Windows 11', os.arch: 'amd64', os.version: '10.0', java.version: '21.0.2'
Driver info: org.openqa.selenium.chrome.ChromeDriver
Command: [null, newSession {capabilities=[Capabilities {browserName: chrome, goog:chromeOptions: {args: [], extensions: []}}]}]
	at org.openqa.selenium.remote.ProtocolHandshake.createSession(ProtocolHandshake.java:114)
	at org.openqa.selenium.remote.ProtocolHandshake.createSession(ProtocolHandshake.java:75)
	at org.openqa.selenium.remote.ProtocolHandshake.createSession(ProtocolHandshake.java:61)
	at org.openqa.selenium.remote.HttpCommandExecutor.execute(HttpCommandExecutor.java:162)
	at org.openqa.selenium.remote.service.DriverCommandExecutor.invokeExecute(DriverCommandExecutor.java:216)
	at org.openqa.selenium.remote.service.DriverCommandExecutor.execute(DriverCommandExecutor.java:174)
	at org.openqa.selenium.remote.RemoteWebDriver.execute(RemoteWebDriver.java:518)
	at org.openqa.selenium.remote.RemoteWebDriver.startSession(RemoteWebDriver.java:232)
	at org.openqa.selenium.remote.RemoteWebDriver.<init>(RemoteWebDriver.java:161)
	at org.openqa.selenium.chromium.ChromiumDriver.<init>(ChromiumDriver.java:114)
	at org.openqa.selenium.chrome.ChromeDriver.<init>(ChromeDriver.java:88)
	at org.openqa.selenium.chrome.ChromeDriver.<init>(ChromeDriver.java:83)
	at org.openqa.selenium.chrome.ChromeDriver.<init>(ChromeDriver.java:72)
	at stepDefinition.JE_QP_1_SignIn.user_is_navigating_to_jet_edge_Signin_url_is(JE_QP_1_SignIn.java:30)
	at ✽.To Check Signin User is navigating to JetEdge URL is "https://preprod.flyjetedge.aero/NSINVOICEDEMO/login.aspx"(file:///C:/Users/thirumaran/eclipse-workspace/JetEdgeNSInvoicePortal/src/test/resources/featureFiles/JE_QP_1_SignIn.feature:37)
</textarea>
      
      </div>
              </div>
              <div class="step skip-bg" title="stepDefinition.JE_QP_1_SignIn.To_Check_Signin_User_Enter_invalid_username_and_Invalid_password_are(java.lang.String,java.lang.String)">
                <span>When To Check Signin User Enter invalid username and invalid password are "sound@sankarasoftware.com" and "Sound@1234"</span>
      <div>Step skipped
      </div>
              </div>
              <div class="step skip-bg" title="stepDefinition.JE_QP_1_SignIn.click_the_SignIn_button()">
                <span>And click the Signin button To Check Signin</span>
      <div>Step skipped
      </div>
              </div>
              <div class="step skip-bg" title="stepDefinition.JE_QP_1_SignIn.Check_error_message_in_signin_page()">
                <span>Then Check error message in signin page</span>
      <div>Step skipped
      </div>
              </div>
          </div>
        </div>
  </div>
  <div class="card">
    <div class="card-header" role="tab">
      <div class="card-title">
        <div class="node" id="27"><span class="badge log fail-bg mr-2">Fail</span>Sign In:Valid Check</div>
      </div>
    </div>
        <div class="">
          <div class="card-body">
              <div class="step fail-bg" title="stepDefinition.JE_QP_1_SignIn.user_is_navigating_to_jet_edge_Signin_url_is(java.lang.String)">
                <span>Given To Check Signin User is navigating to JetEdge URL is "https://preprod.flyjetedge.aero/NSINVOICEDEMO/login.aspx"</span>
      <div>
        <textarea disabled class="code-block">org.openqa.selenium.SessionNotCreatedException: Could not start a new session. Response code 500. Message: session not created: This version of ChromeDriver only supports Chrome version 125
Current browser version is 127.0.6533.72 with binary path C:\Program Files\Google\Chrome\Application\chrome.exe 
Host info: host: 'SSSLT025', ip: '192.168.1.116'
Build info: version: '4.22.0', revision: 'c5f3146703*'
System info: os.name: 'Windows 11', os.arch: 'amd64', os.version: '10.0', java.version: '21.0.2'
Driver info: org.openqa.selenium.chrome.ChromeDriver
Command: [null, newSession {capabilities=[Capabilities {browserName: chrome, goog:chromeOptions: {args: [], extensions: []}}]}]
	at org.openqa.selenium.remote.ProtocolHandshake.createSession(ProtocolHandshake.java:114)
	at org.openqa.selenium.remote.ProtocolHandshake.createSession(ProtocolHandshake.java:75)
	at org.openqa.selenium.remote.ProtocolHandshake.createSession(ProtocolHandshake.java:61)
	at org.openqa.selenium.remote.HttpCommandExecutor.execute(HttpCommandExecutor.java:162)
	at org.openqa.selenium.remote.service.DriverCommandExecutor.invokeExecute(DriverCommandExecutor.java:216)
	at org.openqa.selenium.remote.service.DriverCommandExecutor.execute(DriverCommandExecutor.java:174)
	at org.openqa.selenium.remote.RemoteWebDriver.execute(RemoteWebDriver.java:518)
	at org.openqa.selenium.remote.RemoteWebDriver.startSession(RemoteWebDriver.java:232)
	at org.openqa.selenium.remote.RemoteWebDriver.<init>(RemoteWebDriver.java:161)
	at org.openqa.selenium.chromium.ChromiumDriver.<init>(ChromiumDriver.java:114)
	at org.openqa.selenium.chrome.ChromeDriver.<init>(ChromeDriver.java:88)
	at org.openqa.selenium.chrome.ChromeDriver.<init>(ChromeDriver.java:83)
	at org.openqa.selenium.chrome.ChromeDriver.<init>(ChromeDriver.java:72)
	at stepDefinition.JE_QP_1_SignIn.user_is_navigating_to_jet_edge_Signin_url_is(JE_QP_1_SignIn.java:30)
	at ✽.To Check Signin User is navigating to JetEdge URL is "https://preprod.flyjetedge.aero/NSINVOICEDEMO/login.aspx"(file:///C:/Users/thirumaran/eclipse-workspace/JetEdgeNSInvoicePortal/src/test/resources/featureFiles/JE_QP_1_SignIn.feature:45)
</textarea>
      
      </div>
              </div>
              <div class="step skip-bg" title="stepDefinition.JE_QP_1_SignIn.To_Check_Signin_User_Enter_username_and_without_password_are(java.lang.String,java.lang.String)">
                <span>When To Check Signin User Enter username and without password are "soundharya@sankarasoftware.com" and ""</span>
      <div>Step skipped
      </div>
              </div>
              <div class="step skip-bg" title="stepDefinition.JE_QP_1_SignIn.click_the_SignIn_button()">
                <span>And click the Signin button To Check Signin</span>
      <div>Step skipped
      </div>
              </div>
          </div>
        </div>
  </div>
  <div class="card">
    <div class="card-header" role="tab">
      <div class="card-title">
        <div class="node" id="31"><span class="badge log fail-bg mr-2">Fail</span>Sign In:Valid Check</div>
      </div>
    </div>
        <div class="">
          <div class="card-body">
              <div class="step fail-bg" title="stepDefinition.JE_QP_1_SignIn.user_is_navigating_to_jet_edge_Signin_url_is(java.lang.String)">
                <span>Given To Check Signin User is navigating to JetEdge URL is "https://preprod.flyjetedge.aero/NSINVOICEDEMO/login.aspx"</span>
      <div>
        <textarea disabled class="code-block">org.openqa.selenium.SessionNotCreatedException: Could not start a new session. Response code 500. Message: session not created: This version of ChromeDriver only supports Chrome version 125
Current browser version is 127.0.6533.72 with binary path C:\Program Files\Google\Chrome\Application\chrome.exe 
Host info: host: 'SSSLT025', ip: '192.168.1.116'
Build info: version: '4.22.0', revision: 'c5f3146703*'
System info: os.name: 'Windows 11', os.arch: 'amd64', os.version: '10.0', java.version: '21.0.2'
Driver info: org.openqa.selenium.chrome.ChromeDriver
Command: [null, newSession {capabilities=[Capabilities {browserName: chrome, goog:chromeOptions: {args: [], extensions: []}}]}]
	at org.openqa.selenium.remote.ProtocolHandshake.createSession(ProtocolHandshake.java:114)
	at org.openqa.selenium.remote.ProtocolHandshake.createSession(ProtocolHandshake.java:75)
	at org.openqa.selenium.remote.ProtocolHandshake.createSession(ProtocolHandshake.java:61)
	at org.openqa.selenium.remote.HttpCommandExecutor.execute(HttpCommandExecutor.java:162)
	at org.openqa.selenium.remote.service.DriverCommandExecutor.invokeExecute(DriverCommandExecutor.java:216)
	at org.openqa.selenium.remote.service.DriverCommandExecutor.execute(DriverCommandExecutor.java:174)
	at org.openqa.selenium.remote.RemoteWebDriver.execute(RemoteWebDriver.java:518)
	at org.openqa.selenium.remote.RemoteWebDriver.startSession(RemoteWebDriver.java:232)
	at org.openqa.selenium.remote.RemoteWebDriver.<init>(RemoteWebDriver.java:161)
	at org.openqa.selenium.chromium.ChromiumDriver.<init>(ChromiumDriver.java:114)
	at org.openqa.selenium.chrome.ChromeDriver.<init>(ChromeDriver.java:88)
	at org.openqa.selenium.chrome.ChromeDriver.<init>(ChromeDriver.java:83)
	at org.openqa.selenium.chrome.ChromeDriver.<init>(ChromeDriver.java:72)
	at stepDefinition.JE_QP_1_SignIn.user_is_navigating_to_jet_edge_Signin_url_is(JE_QP_1_SignIn.java:30)
	at ✽.To Check Signin User is navigating to JetEdge URL is "https://preprod.flyjetedge.aero/NSINVOICEDEMO/login.aspx"(file:///C:/Users/thirumaran/eclipse-workspace/JetEdgeNSInvoicePortal/src/test/resources/featureFiles/JE_QP_1_SignIn.feature:52)
</textarea>
      
      </div>
              </div>
              <div class="step skip-bg" title="stepDefinition.JE_QP_1_SignIn.To_Check_Signin_User_without_username_and_valid_password_are(java.lang.String,java.lang.String)">
                <span>When To Check Signin User without username and valid password are "" and "Soundharya@123"</span>
      <div>Step skipped
      </div>
              </div>
              <div class="step skip-bg" title="stepDefinition.JE_QP_1_SignIn.click_the_SignIn_button()">
                <span>And click the Signin button To Check Signin</span>
      <div>Step skipped
      </div>
              </div>
          </div>
        </div>
  </div>
  <div class="card">
    <div class="card-header" role="tab">
      <div class="card-title">
        <div class="node" id="35"><span class="badge log fail-bg mr-2">Fail</span>Sign In:Valid Check</div>
      </div>
    </div>
        <div class="">
          <div class="card-body">
              <div class="step fail-bg" title="stepDefinition.JE_QP_1_SignIn.user_is_navigating_to_jet_edge_Signin_url_is(java.lang.String)">
                <span>Given To Check Signin User is navigating to JetEdge URL is "https://preprod.flyjetedge.aero/NSINVOICEDEMO/login.aspx"</span>
      <div>
        <textarea disabled class="code-block">org.openqa.selenium.SessionNotCreatedException: Could not start a new session. Response code 500. Message: session not created: This version of ChromeDriver only supports Chrome version 125
Current browser version is 127.0.6533.72 with binary path C:\Program Files\Google\Chrome\Application\chrome.exe 
Host info: host: 'SSSLT025', ip: '192.168.1.116'
Build info: version: '4.22.0', revision: 'c5f3146703*'
System info: os.name: 'Windows 11', os.arch: 'amd64', os.version: '10.0', java.version: '21.0.2'
Driver info: org.openqa.selenium.chrome.ChromeDriver
Command: [null, newSession {capabilities=[Capabilities {browserName: chrome, goog:chromeOptions: {args: [], extensions: []}}]}]
	at org.openqa.selenium.remote.ProtocolHandshake.createSession(ProtocolHandshake.java:114)
	at org.openqa.selenium.remote.ProtocolHandshake.createSession(ProtocolHandshake.java:75)
	at org.openqa.selenium.remote.ProtocolHandshake.createSession(ProtocolHandshake.java:61)
	at org.openqa.selenium.remote.HttpCommandExecutor.execute(HttpCommandExecutor.java:162)
	at org.openqa.selenium.remote.service.DriverCommandExecutor.invokeExecute(DriverCommandExecutor.java:216)
	at org.openqa.selenium.remote.service.DriverCommandExecutor.execute(DriverCommandExecutor.java:174)
	at org.openqa.selenium.remote.RemoteWebDriver.execute(RemoteWebDriver.java:518)
	at org.openqa.selenium.remote.RemoteWebDriver.startSession(RemoteWebDriver.java:232)
	at org.openqa.selenium.remote.RemoteWebDriver.<init>(RemoteWebDriver.java:161)
	at org.openqa.selenium.chromium.ChromiumDriver.<init>(ChromiumDriver.java:114)
	at org.openqa.selenium.chrome.ChromeDriver.<init>(ChromeDriver.java:88)
	at org.openqa.selenium.chrome.ChromeDriver.<init>(ChromeDriver.java:83)
	at org.openqa.selenium.chrome.ChromeDriver.<init>(ChromeDriver.java:72)
	at stepDefinition.JE_QP_1_SignIn.user_is_navigating_to_jet_edge_Signin_url_is(JE_QP_1_SignIn.java:30)
	at ✽.To Check Signin User is navigating to JetEdge URL is "https://preprod.flyjetedge.aero/NSINVOICEDEMO/login.aspx"(file:///C:/Users/thirumaran/eclipse-workspace/JetEdgeNSInvoicePortal/src/test/resources/featureFiles/JE_QP_1_SignIn.feature:59)
</textarea>
      
      </div>
              </div>
              <div class="step skip-bg" title="stepDefinition.JE_QP_1_SignIn.Click_forget_password_button_in_NSInvoice()">
                <span>When Click forget password button in NSInvoice</span>
      <div>Step skipped
      </div>
              </div>
          </div>
        </div>
  </div>
</div>
          </div>
        </li>
      </ul>
    </div>
  </div>
<div class="test-content scrollable">
<div class="test-content-tools">
<ul><li><a class="back-to-test" href="#"><i class="fa fa-arrow-left"></i></a></li></ul>
</div>
<div class="test-content-detail"><div class="detail-body"></div></div>
</div></div>
<div class="test-wrapper row view exception-view attributes-view">
<div class="test-list">
<div class="test-list-tools">
<ul class="tools pull-left"><li><a href=""><span class="font-size-14">Exception</span></a></li></ul>
<ul class="tools text-right"><li><a href="#"><span class="badge badge-primary">1</span></a></li></ul>
</div>
<div class="test-list-wrapper scrollable">
<ul class="test-list-item">
<li class="test-item">
<div class="test-detail">
<span class="meta">
<span class='badge log badge-danger'>8</span>
</span>
<p class="name">org.openqa.selenium.SessionNotCreatedException</p>
<p class="duration text-sm">8 tests</p>
</div>
<div class="test-contents d-none">
<div class="info">
<h4>org.openqa.selenium.SessionNotCreatedException</h4>
<span status="fail" class='badge log badge-danger'>8 failed</span>
</div>
<table class='table table-sm mt-4'>
<thead>
<tr>
<th class="status-col">Status</th>
<th class="timestamp-col">Timestamp</th>
<th>TestName</th>
</tr>
</thead>
<tbody>
<tr class="tag-test-status" status="fail">
<td><span class="badge log fail-bg">Fail</span></td>
<td>11:30:54 am</td>
<td>
<a href="#" class="linked" test-id='1' id='3'>Given To Check Signin User is navigating to JetEdge URL is "https://preprod.flyjetedge.aero/NSINVOICEDEMO/login.aspx"</a>
<div class="">
<span class="badge badge-default">SignIn.Sign In:Valid Check.Given To Check Signin User is navigating to JetEdge URL is "https://preprod.flyjetedge.aero/NSINVOICEDEMO/login.aspx"</span>
</div>
</td>
</tr>
<tr class="tag-test-status" status="fail">
<td><span class="badge log fail-bg">Fail</span></td>
<td>11:30:55 am</td>
<td>
<a href="#" class="linked" test-id='1' id='7'>Given To Check Signin User is navigating to JetEdge URL is "https://preprod.flyjetedge.aero/NSINVOICEDEMO/login.aspx"</a>
<div class="">
<span class="badge badge-default">SignIn.Sign In:Valid Check.Given To Check Signin User is navigating to JetEdge URL is "https://preprod.flyjetedge.aero/NSINVOICEDEMO/login.aspx"</span>
</div>
</td>
</tr>
<tr class="tag-test-status" status="fail">
<td><span class="badge log fail-bg">Fail</span></td>
<td>11:30:56 am</td>
<td>
<a href="#" class="linked" test-id='1' id='13'>Given To Check Signin User is navigating to JetEdge URL is "https://preprod.flyjetedge.aero/NSINVOICEDEMO/login.aspx"</a>
<div class="">
<span class="badge badge-default">SignIn.Sign In:Valid Check.Given To Check Signin User is navigating to JetEdge URL is "https://preprod.flyjetedge.aero/NSINVOICEDEMO/login.aspx"</span>
</div>
</td>
</tr>
<tr class="tag-test-status" status="fail">
<td><span class="badge log fail-bg">Fail</span></td>
<td>11:30:57 am</td>
<td>
<a href="#" class="linked" test-id='1' id='18'>Given To Check Signin User is navigating to JetEdge URL is "https://preprod.flyjetedge.aero/NSINVOICEDEMO/login.aspx"</a>
<div class="">
<span class="badge badge-default">SignIn.Sign In:Valid Check.Given To Check Signin User is navigating to JetEdge URL is "https://preprod.flyjetedge.aero/NSINVOICEDEMO/login.aspx"</span>
</div>
</td>
</tr>
<tr class="tag-test-status" status="fail">
<td><span class="badge log fail-bg">Fail</span></td>
<td>11:30:58 am</td>
<td>
<a href="#" class="linked" test-id='1' id='23'>Given To Check Signin User is navigating to JetEdge URL is "https://preprod.flyjetedge.aero/NSINVOICEDEMO/login.aspx"</a>
<div class="">
<span class="badge badge-default">SignIn.Sign In:Valid Check.Given To Check Signin User is navigating to JetEdge URL is "https://preprod.flyjetedge.aero/NSINVOICEDEMO/login.aspx"</span>
</div>
</td>
</tr>
<tr class="tag-test-status" status="fail">
<td><span class="badge log fail-bg">Fail</span></td>
<td>11:30:59 am</td>
<td>
<a href="#" class="linked" test-id='1' id='28'>Given To Check Signin User is navigating to JetEdge URL is "https://preprod.flyjetedge.aero/NSINVOICEDEMO/login.aspx"</a>
<div class="">
<span class="badge badge-default">SignIn.Sign In:Valid Check.Given To Check Signin User is navigating to JetEdge URL is "https://preprod.flyjetedge.aero/NSINVOICEDEMO/login.aspx"</span>
</div>
</td>
</tr>
<tr class="tag-test-status" status="fail">
<td><span class="badge log fail-bg">Fail</span></td>
<td>11:31:00 am</td>
<td>
<a href="#" class="linked" test-id='1' id='32'>Given To Check Signin User is navigating to JetEdge URL is "https://preprod.flyjetedge.aero/NSINVOICEDEMO/login.aspx"</a>
<div class="">
<span class="badge badge-default">SignIn.Sign In:Valid Check.Given To Check Signin User is navigating to JetEdge URL is "https://preprod.flyjetedge.aero/NSINVOICEDEMO/login.aspx"</span>
</div>
</td>
</tr>
<tr class="tag-test-status" status="fail">
<td><span class="badge log fail-bg">Fail</span></td>
<td>11:31:02 am</td>
<td>
<a href="#" class="linked" test-id='1' id='36'>Given To Check Signin User is navigating to JetEdge URL is "https://preprod.flyjetedge.aero/NSINVOICEDEMO/login.aspx"</a>
<div class="">
<span class="badge badge-default">SignIn.Sign In:Valid Check.Given To Check Signin User is navigating to JetEdge URL is "https://preprod.flyjetedge.aero/NSINVOICEDEMO/login.aspx"</span>
</div>
</td>
</tr>
</tbody>
</table>
</div>
</li>
</ul>
</div>
</div>
<div class="test-content scrollable">
<div class="test-content-detail">
<div class="detail-body"></div>
</div>
</div>
</div><div class="test-wrapper row view category-view attributes-view">
<div class="test-list">
<div class="test-list-tools">
<ul class="tools pull-left"><li><a href=""><span class="font-size-14">Category</span></a></li></ul>
<ul class="tools text-right"><li><a href="#"><span class="badge badge-primary">8</span></a></li></ul>
</div>
<div class="test-list-wrapper scrollable">
<ul class="test-list-item">
<li class="test-item">
<div class="test-detail">
<span class="meta">
<span class='badge log badge-danger'>1</span>
</span>
<p class="name">@TC_03</p>
<p class="duration text-sm">1 tests</p>
</div>
<div class="test-contents d-none">
<div class="info">
<h4>@TC_03</h4>
<span status="fail" class='badge log badge-danger'>1 failed</span>
</div>
<table class='table table-sm mt-4'>
<thead>
<tr>
<th class="status-col">Status</th>
<th class="timestamp-col">Timestamp</th>
<th>TestName</th>
</tr>
</thead>
<tbody>
<tr class="tag-test-status" status="fail">
<td><span class="badge log fail-bg">Fail</span></td>
<td>11:30:56 am</td>
<td>
<a href="#" class="linked" test-id='1' id='12'>Sign In:Valid Check</a>
<div class="">
<span class="badge badge-default">SignIn.Sign In:Valid Check</span>
</div>
</td>
</tr>
</tbody>
</table>
</div>
</li>
<li class="test-item">
<div class="test-detail">
<span class="meta">
<span class='badge log badge-danger'>1</span>
</span>
<p class="name">@TC_01</p>
<p class="duration text-sm">1 tests</p>
</div>
<div class="test-contents d-none">
<div class="info">
<h4>@TC_01</h4>
<span status="fail" class='badge log badge-danger'>1 failed</span>
</div>
<table class='table table-sm mt-4'>
<thead>
<tr>
<th class="status-col">Status</th>
<th class="timestamp-col">Timestamp</th>
<th>TestName</th>
</tr>
</thead>
<tbody>
<tr class="tag-test-status" status="fail">
<td><span class="badge log fail-bg">Fail</span></td>
<td>11:30:54 am</td>
<td>
<a href="#" class="linked" test-id='1' id='2'>Sign In:Valid Check</a>
<div class="">
<span class="badge badge-default">SignIn.Sign In:Valid Check</span>
</div>
</td>
</tr>
</tbody>
</table>
</div>
</li>
<li class="test-item">
<div class="test-detail">
<span class="meta">
<span class='badge log badge-danger'>1</span>
</span>
<p class="name">@TC_05</p>
<p class="duration text-sm">1 tests</p>
</div>
<div class="test-contents d-none">
<div class="info">
<h4>@TC_05</h4>
<span status="fail" class='badge log badge-danger'>1 failed</span>
</div>
<table class='table table-sm mt-4'>
<thead>
<tr>
<th class="status-col">Status</th>
<th class="timestamp-col">Timestamp</th>
<th>TestName</th>
</tr>
</thead>
<tbody>
<tr class="tag-test-status" status="fail">
<td><span class="badge log fail-bg">Fail</span></td>
<td>11:30:58 am</td>
<td>
<a href="#" class="linked" test-id='1' id='22'>Sign In:Valid Check</a>
<div class="">
<span class="badge badge-default">SignIn.Sign In:Valid Check</span>
</div>
</td>
</tr>
</tbody>
</table>
</div>
</li>
<li class="test-item">
<div class="test-detail">
<span class="meta">
<span class='badge log badge-danger'>1</span>
</span>
<p class="name">@TC_02</p>
<p class="duration text-sm">1 tests</p>
</div>
<div class="test-contents d-none">
<div class="info">
<h4>@TC_02</h4>
<span status="fail" class='badge log badge-danger'>1 failed</span>
</div>
<table class='table table-sm mt-4'>
<thead>
<tr>
<th class="status-col">Status</th>
<th class="timestamp-col">Timestamp</th>
<th>TestName</th>
</tr>
</thead>
<tbody>
<tr class="tag-test-status" status="fail">
<td><span class="badge log fail-bg">Fail</span></td>
<td>11:30:55 am</td>
<td>
<a href="#" class="linked" test-id='1' id='6'>Sign In:Valid Check</a>
<div class="">
<span class="badge badge-default">SignIn.Sign In:Valid Check</span>
</div>
</td>
</tr>
</tbody>
</table>
</div>
</li>
<li class="test-item">
<div class="test-detail">
<span class="meta">
<span class='badge log badge-danger'>1</span>
</span>
<p class="name">@TC_06</p>
<p class="duration text-sm">1 tests</p>
</div>
<div class="test-contents d-none">
<div class="info">
<h4>@TC_06</h4>
<span status="fail" class='badge log badge-danger'>1 failed</span>
</div>
<table class='table table-sm mt-4'>
<thead>
<tr>
<th class="status-col">Status</th>
<th class="timestamp-col">Timestamp</th>
<th>TestName</th>
</tr>
</thead>
<tbody>
<tr class="tag-test-status" status="fail">
<td><span class="badge log fail-bg">Fail</span></td>
<td>11:30:59 am</td>
<td>
<a href="#" class="linked" test-id='1' id='27'>Sign In:Valid Check</a>
<div class="">
<span class="badge badge-default">SignIn.Sign In:Valid Check</span>
</div>
</td>
</tr>
</tbody>
</table>
</div>
</li>
<li class="test-item">
<div class="test-detail">
<span class="meta">
<span class='badge log badge-danger'>1</span>
</span>
<p class="name">@TC_07</p>
<p class="duration text-sm">1 tests</p>
</div>
<div class="test-contents d-none">
<div class="info">
<h4>@TC_07</h4>
<span status="fail" class='badge log badge-danger'>1 failed</span>
</div>
<table class='table table-sm mt-4'>
<thead>
<tr>
<th class="status-col">Status</th>
<th class="timestamp-col">Timestamp</th>
<th>TestName</th>
</tr>
</thead>
<tbody>
<tr class="tag-test-status" status="fail">
<td><span class="badge log fail-bg">Fail</span></td>
<td>11:31:00 am</td>
<td>
<a href="#" class="linked" test-id='1' id='31'>Sign In:Valid Check</a>
<div class="">
<span class="badge badge-default">SignIn.Sign In:Valid Check</span>
</div>
</td>
</tr>
</tbody>
</table>
</div>
</li>
<li class="test-item">
<div class="test-detail">
<span class="meta">
<span class='badge log badge-danger'>1</span>
</span>
<p class="name">@TC_04</p>
<p class="duration text-sm">1 tests</p>
</div>
<div class="test-contents d-none">
<div class="info">
<h4>@TC_04</h4>
<span status="fail" class='badge log badge-danger'>1 failed</span>
</div>
<table class='table table-sm mt-4'>
<thead>
<tr>
<th class="status-col">Status</th>
<th class="timestamp-col">Timestamp</th>
<th>TestName</th>
</tr>
</thead>
<tbody>
<tr class="tag-test-status" status="fail">
<td><span class="badge log fail-bg">Fail</span></td>
<td>11:30:57 am</td>
<td>
<a href="#" class="linked" test-id='1' id='17'>Sign In:Valid Check</a>
<div class="">
<span class="badge badge-default">SignIn.Sign In:Valid Check</span>
</div>
</td>
</tr>
</tbody>
</table>
</div>
</li>
<li class="test-item">
<div class="test-detail">
<span class="meta">
<span class='badge log badge-danger'>1</span>
</span>
<p class="name">@TC_08</p>
<p class="duration text-sm">1 tests</p>
</div>
<div class="test-contents d-none">
<div class="info">
<h4>@TC_08</h4>
<span status="fail" class='badge log badge-danger'>1 failed</span>
</div>
<table class='table table-sm mt-4'>
<thead>
<tr>
<th class="status-col">Status</th>
<th class="timestamp-col">Timestamp</th>
<th>TestName</th>
</tr>
</thead>
<tbody>
<tr class="tag-test-status" status="fail">
<td><span class="badge log fail-bg">Fail</span></td>
<td>11:31:02 am</td>
<td>
<a href="#" class="linked" test-id='1' id='35'>Sign In:Valid Check</a>
<div class="">
<span class="badge badge-default">SignIn.Sign In:Valid Check</span>
</div>
</td>
</tr>
</tbody>
</table>
</div>
</li>
</ul>
</div>
</div>
<div class="test-content scrollable">
<div class="test-content-detail">
<div class="detail-body"></div>
</div>
</div>
</div><div class="container-fluid p-4 view dashboard-view">
<div class="row">
<div class="col-md-3">
<div class="card"><div class="card-body">
<p class="m-b-0">Started</p>
<h3>Jul 26, 2024 11:30:53 am</h3>
</div></div>
</div>
<div class="col-md-3">
<div class="card"><div class="card-body">
<p class="m-b-0">Ended</p>
<h3>Jul 26, 2024 11:31:03 am</h3>
</div></div>
</div>
<div class="col-md-3">
<div class="card"><div class="card-body">
<p class="m-b-0 text-pass">Features Passed</p>
<h3>0</h3>
</div></div>
</div>
<div class="col-md-3">
<div class="card"><div class="card-body">
<p class="m-b-0 text-fail">Features Failed</p>
<h3>1</h3>
</div></div>
</div>
</div>
<div class="row">
<div class="col-md-4">
<div class="card">
<div class="card-header">
<h6 class="card-title">Features</h6>
</div>
<div class="card-body">
<div class="">
<canvas id='parent-analysis' width='115' height='90'></canvas>
</div>
</div>
<div class="card-footer">
<div><small data-tooltip='0%'>
<b>0</b> features passed
</small>
</div>
<div>
<small data-tooltip='100%'><b>1</b> features failed,
<b>0</b> skipped, <b data-tooltip='0%'>0</b> others
</small>
</div>
</div>
</div>
</div>
<div class="col-md-4">
<div class="card">
<div class="card-header">
<h6 class="card-title">Scenarios</h6>
</div>
<div class="card-body">
<div class="">
<canvas id='child-analysis' width='115' height='90'></canvas>
</div>
</div>
<div class="card-footer">
<div><small data-tooltip='0%'><b>0</b> scenarios passed</small></div>
<div>
<small data-tooltip='100%'><b>8</b> scenarios failed,
<b>0</b> skipped, <b data-tooltip='%'>0</b> others
</small>
</div>
</div>
</div>
</div>
<div class="col-md-4">
<div class="card">
<div class="card-header">
<h6 class="card-title">Steps</h6>
</div>
<div class="card-body">
<div class="">
<canvas id='grandchild-analysis' width='115' height='90'></canvas>
</div>
</div>
<div class="card-footer">
<div><small data-tooltip='0%'><b>0</b> steps passed</small></div>
<div>
<small data-tooltip='28%'><b>8</b> steps failed,
<b>20</b> skipped, <b data-tooltip='%'>0</b> others
</small>
</div>
</div>
</div>
</div>
</div>
<div class="row"><div class="col-md-12">
<div class="card"><div class="card-header"><p>Timeline</p></div>
<div class="card-body pt-0"><div>
<canvas id="timeline" height="120"></canvas>
</div></div>
</div>
</div></div>
<script>
var timeline = {
"SignIn":8.855
};
</script>
<div class="row">
<div class="col-lg-6 col-md-12 category-container">
<div class="card">
<div class="card-header"><p>Tags</p></div>
<div class="card-body pb-0 pt-0"><table class="table table-sm table-bordered">
<thead><tr class="bg-gray"><th>Name</th><th>Passed</th><th>Failed</th><th>Skipped</th><th>Others</th><th>Passed %</th></tr></thead><tbody>
<tr>
<td>@TC_03</td>
<td>0</td>
<td>1</td>
<td>0</td>
<td>0</td>
<td>0%</td>
</tr>
<tr>
<td>@TC_01</td>
<td>0</td>
<td>1</td>
<td>0</td>
<td>0</td>
<td>0%</td>
</tr>
<tr>
<td>@TC_05</td>
<td>0</td>
<td>1</td>
<td>0</td>
<td>0</td>
<td>0%</td>
</tr>
<tr>
<td>@TC_02</td>
<td>0</td>
<td>1</td>
<td>0</td>
<td>0</td>
<td>0%</td>
</tr>
<tr>
<td>@TC_06</td>
<td>0</td>
<td>1</td>
<td>0</td>
<td>0</td>
<td>0%</td>
</tr>
<tr>
<td>@TC_07</td>
<td>0</td>
<td>1</td>
<td>0</td>
<td>0</td>
<td>0%</td>
</tr>
<tr>
<td>@TC_04</td>
<td>0</td>
<td>1</td>
<td>0</td>
<td>0</td>
<td>0%</td>
</tr>
<tr>
<td>@TC_08</td>
<td>0</td>
<td>1</td>
<td>0</td>
<td>0</td>
<td>0%</td>
</tr>
</tbody>
</table></div>
</div>
</div>
</div>
</div>
<script>
var statusGroup = {
parentCount: 5,
passParent: 0,
failParent: 1,
warningParent: 0,
skipParent: 0,
childCount: 5,
passChild: 0,
failChild: 8,
warningChild: 0,
skipChild: 0,
infoChild: 0,
grandChildCount: 5,
passGrandChild: 0,
failGrandChild: 8,
warningGrandChild: 0,
skipGrandChild: 20,
infoGrandChild: 0,
eventsCount: 5,
};
</script>        </div>
      </div>
    </div>
  </div>
<script src="https://cdn.jsdelivr.net/gh/extent-framework/extent-github-cdn@d6562a79075e061305ccfdb82f01e5e195e2d307/spark/js/spark-script.js"></script>
<script type="text/javascript"></script></body>
</html>